âš ï¸  myst.yml Bibliography file references.bib not found
ðŸŒŽ Building MyST site
BASE_URL environment overwrite is set
Building the site with a baseurl of "/dockervm29/09e0d975-9af2-11ef-8c58-5254001d4703/proxy/3000"
ðŸ“– Built 01_abstract.md in 156 ms.
ðŸ“– Built 02_introduction.md in 155 ms.
ðŸ“– Built 03_literature.md in 155 ms.
ðŸ“– Built 05_conclusion.md in 151 ms.
ðŸ“– Built 07_appendix.ipynb in 151 ms.
ðŸ“– Built 06_bibliography.ipynb in 159 ms.
ðŸ“– Built 04_dataanalysis.ipynb in 168 ms.
ðŸ“– Built 00_paper_root.md in 1.22 s.
âš ï¸  00_paper_root.md Could not link citation with label "Bremus2020-ht".
âš ï¸  00_paper_root.md Could not link citation with label "political_hibbs_1977".
âš ï¸  00_paper_root.md Could not link citation with label "presidents_blinder_2016".
âš ï¸  00_paper_root.md Could not link citation with label "presidential_santaclara_2003".
âš ï¸  00_paper_root.md Could not link citation with label "global_boumans_2021".
âš ï¸  00_paper_root.md Could not link citation with label "cost_nanda_2008".
âš ï¸  00_paper_root.md Could not link citation with label "Hemmelgarn2014-eq".
âš ï¸  03_literature.md Could not link citation with label "Bremus2020-ht".
âš ï¸  03_literature.md Could not link citation with label "political_hibbs_1977".
âš ï¸  03_literature.md Could not link citation with label "presidents_blinder_2016".
âš ï¸  03_literature.md Could not link citation with label "presidential_santaclara_2003".
âš ï¸  03_literature.md Could not link citation with label "global_boumans_2021".
âš ï¸  03_literature.md Could not link citation with label "cost_nanda_2008".
âš ï¸  04_dataanalysis.ipynb Could not link citation with label "Hemmelgarn2014-eq".
ðŸ“š Built 8 pages for project in 1.49 s.


	âœ¨âœ¨âœ¨  Starting Article Theme  âœ¨âœ¨âœ¨



ðŸ”Œ Server started on port 3001!  ðŸ¥³ ðŸŽ‰


	ðŸ‘‰  http://localhost:3001  ðŸ‘ˆ



   â•­â”€â”€â”€â”€â”€â”€â”€â”€â”€â”€â”€â”€â”€â”€â”€â”€â”€â”€â”€â”€â”€â”€â”€â”€â”€â”€â”€â”€â”€â”€â”€â”€â”€â”€â”€â”€â”€â”€â”€â”€â”€â”€â”€â”€â•®
   â”‚                                            â”‚
   â”‚    Update available! v1.3.16 â‰« v1.3.17     â”‚
   â”‚                                            â”‚
   â”‚   Run `pip install -U mystmd` to update.   â”‚
   â”‚                                            â”‚
   â”‚     Follow @MystMarkdown for updates!      â”‚
   â”‚      https://twitter.com/MystMarkdown      â”‚
   â”‚                                            â”‚
   â•°â”€â”€â”€â”€â”€â”€â”€â”€â”€â”€â”€â”€â”€â”€â”€â”€â”€â”€â”€â”€â”€â”€â”€â”€â”€â”€â”€â”€â”€â”€â”€â”€â”€â”€â”€â”€â”€â”€â”€â”€â”€â”€â”€â”€â•¯

ðŸ’Œ GET  /robots.txt 200 - - 18.474 ms
ðŸ’Œ GET  /abstract 200 - - 473.590 ms
GET /literature 200 - - 477.963 ms
GET /introduction 200 - - 502.185 ms
GET /dataanalysis 200 - - 519.660 ms
GET /paper-root 200 - - 517.844 ms
GET /bibliography 200 - - 557.728 ms
GET /appendix 200 - - 564.317 ms
GET /conclusion 200 - - 598.040 ms
GET /appendix.json 200 - - 515.726 ms
GET /paper-root.json 200 - - 583.447 ms
GET /abstract.json 200 - - 577.215 ms
ðŸ’Œ GET  /literature.json 200 - - 570.598 ms
GET /bibliography.json 200 - - 551.029 ms
GET /introduction.json 200 - - 573.533 ms
GET /conclusion.json 200 - - 561.286 ms
GET /dataanalysis.json 200 - - 562.956 ms
GET /myst-theme.css 200 - - 506.978 ms
ðŸ’Œ GET  /favicon.ico 200 - - 552.325 ms
âš ï¸  myst.yml Bibliography file references.bib not found
ðŸŒŽ Building MyST site
BASE_URL environment overwrite is set
Building the site with a baseurl of "/dockervm29/09e0d975-9af2-11ef-8c58-5254001d4703/proxy/3000"
ðŸ“– Built 01_abstract.md in 144 ms.
ðŸ“– Built 02_introduction.md in 144 ms.
ðŸ“– Built 03_literature.md in 143 ms.
ðŸ“– Built 05_conclusion.md in 140 ms.
ðŸ“– Built 07_appendix.ipynb in 139 ms.
ðŸ“– Built 06_bibliography.ipynb in 147 ms.
ðŸ“– Built 04_dataanalysis.ipynb in 155 ms.
ðŸ“– Built 00_paper_root.md in 1.44 s.
âš ï¸  00_paper_root.md Could not link citation with label "Bremus2020-ht".
âš ï¸  00_paper_root.md Could not link citation with label "political_hibbs_1977".
âš ï¸  00_paper_root.md Could not link citation with label "presidents_blinder_2016".
âš ï¸  00_paper_root.md Could not link citation with label "presidential_santaclara_2003".
âš ï¸  00_paper_root.md Could not link citation with label "global_boumans_2021".
âš ï¸  00_paper_root.md Could not link citation with label "cost_nanda_2008".
âš ï¸  00_paper_root.md Could not link citation with label "Hemmelgarn2014-eq".
âš ï¸  03_literature.md Could not link citation with label "Bremus2020-ht".
âš ï¸  03_literature.md Could not link citation with label "political_hibbs_1977".
âš ï¸  03_literature.md Could not link citation with label "presidents_blinder_2016".
âš ï¸  03_literature.md Could not link citation with label "presidential_santaclara_2003".
âš ï¸  03_literature.md Could not link citation with label "global_boumans_2021".
âš ï¸  03_literature.md Could not link citation with label "cost_nanda_2008".
âš ï¸  04_dataanalysis.ipynb Could not link citation with label "Hemmelgarn2014-eq".
ðŸ“š Built 8 pages for project in 1.72 s.


	âœ¨âœ¨âœ¨  Starting Article Theme  âœ¨âœ¨âœ¨



ðŸ”Œ Server started on port 3001!  ðŸ¥³ ðŸŽ‰


	ðŸ‘‰  http://localhost:3001  ðŸ‘ˆ



   â•­â”€â”€â”€â”€â”€â”€â”€â”€â”€â”€â”€â”€â”€â”€â”€â”€â”€â”€â”€â”€â”€â”€â”€â”€â”€â”€â”€â”€â”€â”€â”€â”€â”€â”€â”€â”€â”€â”€â”€â”€â”€â”€â”€â”€â•®
   â”‚                                            â”‚
   â”‚    Update available! v1.3.16 â‰« v1.3.17     â”‚
   â”‚                                            â”‚
   â”‚   Run `pip install -U mystmd` to update.   â”‚
   â”‚                                            â”‚
   â”‚     Follow @MystMarkdown for updates!      â”‚
   â”‚      https://twitter.com/MystMarkdown      â”‚
   â”‚                                            â”‚
   â•°â”€â”€â”€â”€â”€â”€â”€â”€â”€â”€â”€â”€â”€â”€â”€â”€â”€â”€â”€â”€â”€â”€â”€â”€â”€â”€â”€â”€â”€â”€â”€â”€â”€â”€â”€â”€â”€â”€â”€â”€â”€â”€â”€â”€â•¯

ðŸ’Œ GET  /paper-root 200 - - 390.903 ms
GET /introduction 200 - - 369.154 ms
GET /literature 200 - - 380.255 ms
GET /abstract 200 - - 421.456 ms
ðŸ’Œ GET  /dataanalysis 200 - - 441.916 ms
GET /conclusion 200 - - 444.091 ms
GET /abstract.json 200 - - 378.463 ms
GET /bibliography 200 - - 471.728 ms
ðŸ’Œ GET  /introduction.json 200 - - 378.838 ms
GET /appendix 200 - - 511.222 ms
GET /paper-root.json 200 - - 507.938 ms
GET /literature.json 200 - - 237.944 ms
GET /dataanalysis.json 200 - - 182.053 ms
GET /robots.txt 200 - - 4.485 ms
ðŸ’Œ GET  /conclusion.json 200 - - 216.159 ms
ðŸ’Œ GET  /myst-theme.css 200 - - 153.278 ms
GET /bibliography.json 200 - - 263.885 ms
GET /appendix.json 200 - - 228.229 ms
ðŸ’Œ GET  /favicon.ico 200 - - 244.089 ms
âš ï¸  myst.yml Bibliography file references.bib not found
ðŸŒŽ Building MyST site
BASE_URL environment overwrite is set
Building the site with a baseurl of "/dockervm29/09e0d975-9af2-11ef-8c58-5254001d4703/proxy/3000"
ðŸ“– Built 01_abstract.md in 242 ms.
ðŸ“– Built 02_introduction.md in 242 ms.
ðŸ“– Built 03_literature.md in 241 ms.
ðŸ“– Built 05_conclusion.md in 234 ms.
ðŸ“– Built 07_appendix.ipynb in 230 ms.
ðŸ“– Built 06_bibliography.ipynb in 242 ms.
ðŸ“– Built 04_dataanalysis.ipynb in 251 ms.
ðŸ“– Built 00_paper_root.md in 1.58 s.
âš ï¸  00_paper_root.md Could not link citation with label "Bremus2020-ht".
âš ï¸  00_paper_root.md Could not link citation with label "political_hibbs_1977".
âš ï¸  00_paper_root.md Could not link citation with label "presidents_blinder_2016".
âš ï¸  00_paper_root.md Could not link citation with label "presidential_santaclara_2003".
âš ï¸  00_paper_root.md Could not link citation with label "global_boumans_2021".
âš ï¸  00_paper_root.md Could not link citation with label "cost_nanda_2008".
âš ï¸  00_paper_root.md Could not link citation with label "Hemmelgarn2014-eq".
âš ï¸  03_literature.md Could not link citation with label "Bremus2020-ht".
âš ï¸  03_literature.md Could not link citation with label "political_hibbs_1977".
âš ï¸  03_literature.md Could not link citation with label "presidents_blinder_2016".
âš ï¸  03_literature.md Could not link citation with label "presidential_santaclara_2003".
âš ï¸  03_literature.md Could not link citation with label "global_boumans_2021".
âš ï¸  03_literature.md Could not link citation with label "cost_nanda_2008".
âš ï¸  04_dataanalysis.ipynb Could not link citation with label "Hemmelgarn2014-eq".
ðŸ“š Built 8 pages for project in 1.87 s.


	âœ¨âœ¨âœ¨  Starting Article Theme  âœ¨âœ¨âœ¨



ðŸ”Œ Server started on port 3001!  ðŸ¥³ ðŸŽ‰


	ðŸ‘‰  http://localhost:3001  ðŸ‘ˆ



   â•­â”€â”€â”€â”€â”€â”€â”€â”€â”€â”€â”€â”€â”€â”€â”€â”€â”€â”€â”€â”€â”€â”€â”€â”€â”€â”€â”€â”€â”€â”€â”€â”€â”€â”€â”€â”€â”€â”€â”€â”€â”€â”€â”€â”€â•®
   â”‚                                            â”‚
   â”‚    Update available! v1.3.16 â‰« v1.3.17     â”‚
   â”‚                                            â”‚
   â”‚   Run `pip install -U mystmd` to update.   â”‚
   â”‚                                            â”‚
   â”‚     Follow @MystMarkdown for updates!      â”‚
   â”‚      https://twitter.com/MystMarkdown      â”‚
   â”‚                                            â”‚
   â•°â”€â”€â”€â”€â”€â”€â”€â”€â”€â”€â”€â”€â”€â”€â”€â”€â”€â”€â”€â”€â”€â”€â”€â”€â”€â”€â”€â”€â”€â”€â”€â”€â”€â”€â”€â”€â”€â”€â”€â”€â”€â”€â”€â”€â•¯

ðŸ’Œ GET  /abstract 200 - - 435.269 ms
GET /introduction 200 - - 444.843 ms
ðŸ’Œ GET  /literature 200 - - 458.142 ms
GET /paper-root 200 - - 477.535 ms
GET /conclusion 200 - - 461.662 ms
GET /literature.json 200 - - 392.096 ms
GET /paper-root.json 200 - - 447.924 ms
GET /abstract.json 200 - - 444.658 ms
GET /dataanalysis.json 200 - - 408.041 ms
GET /dataanalysis 200 - - 537.425 ms
ðŸ’Œ GET  /bibliography 200 - - 545.619 ms
GET /appendix 200 - - 556.118 ms
GET /introduction.json 200 - - 532.341 ms
GET /conclusion.json 200 - - 415.871 ms
GET /robots.txt 200 - - 5.307 ms
GET /bibliography.json 200 - - 459.027 ms
GET /appendix.json 200 - - 216.819 ms
ðŸ’Œ GET  /myst-theme.css 200 - - 147.378 ms
ðŸ’Œ GET  /favicon.ico 200 - - 337.570 ms
â›”ï¸ _toc.yml Referenced file not found: 06_bibliography
âš ï¸  myst.yml Bibliography file references.bib not found
ðŸŒŽ Building MyST site
BASE_URL environment overwrite is set
Building the site with a baseurl of "/dockervm29/09e0d975-9af2-11ef-8c58-5254001d4703/proxy/3000"
ðŸ“– Built 01_abstract.md in 142 ms.
ðŸ“– Built 02_introduction.md in 141 ms.
ðŸ“– Built 03_literature.md in 141 ms.
ðŸ“– Built 05_conclusion.md in 137 ms.
ðŸ“– Built 07_appendix.ipynb in 138 ms.
ðŸ“– Built 04_dataanalysis.ipynb in 151 ms.
â›”ï¸ 00_paper_root.md Include Directive: Could not find "06_bibliography.ipynb" relative to "00_paper_root.md"
ðŸ“– Built 00_paper_root.md in 1.35 s.
âš ï¸  00_paper_root.md Could not link citation with label "Bremus2020-ht".
âš ï¸  00_paper_root.md Could not link citation with label "political_hibbs_1977".
âš ï¸  00_paper_root.md Could not link citation with label "presidents_blinder_2016".
âš ï¸  00_paper_root.md Could not link citation with label "presidential_santaclara_2003".
âš ï¸  00_paper_root.md Could not link citation with label "global_boumans_2021".
âš ï¸  00_paper_root.md Could not link citation with label "cost_nanda_2008".
âš ï¸  00_paper_root.md Could not link citation with label "Hemmelgarn2014-eq".
âš ï¸  03_literature.md Could not link citation with label "Bremus2020-ht".
âš ï¸  03_literature.md Could not link citation with label "political_hibbs_1977".
âš ï¸  03_literature.md Could not link citation with label "presidents_blinder_2016".
âš ï¸  03_literature.md Could not link citation with label "presidential_santaclara_2003".
âš ï¸  03_literature.md Could not link citation with label "global_boumans_2021".
âš ï¸  03_literature.md Could not link citation with label "cost_nanda_2008".
âš ï¸  04_dataanalysis.ipynb Could not link citation with label "Hemmelgarn2014-eq".
ðŸ“š Built 7 pages for project in 1.57 s.


	âœ¨âœ¨âœ¨  Starting Article Theme  âœ¨âœ¨âœ¨



ðŸ”Œ Server started on port 3001!  ðŸ¥³ ðŸŽ‰


	ðŸ‘‰  http://localhost:3001  ðŸ‘ˆ



   â•­â”€â”€â”€â”€â”€â”€â”€â”€â”€â”€â”€â”€â”€â”€â”€â”€â”€â”€â”€â”€â”€â”€â”€â”€â”€â”€â”€â”€â”€â”€â”€â”€â”€â”€â”€â”€â”€â”€â”€â”€â”€â”€â”€â”€â•®
   â”‚                                            â”‚
   â”‚    Update available! v1.3.16 â‰« v1.3.17     â”‚
   â”‚                                            â”‚
   â”‚   Run `pip install -U mystmd` to update.   â”‚
   â”‚                                            â”‚
   â”‚     Follow @MystMarkdown for updates!      â”‚
   â”‚      https://twitter.com/MystMarkdown      â”‚
   â”‚                                            â”‚
   â•°â”€â”€â”€â”€â”€â”€â”€â”€â”€â”€â”€â”€â”€â”€â”€â”€â”€â”€â”€â”€â”€â”€â”€â”€â”€â”€â”€â”€â”€â”€â”€â”€â”€â”€â”€â”€â”€â”€â”€â”€â”€â”€â”€â”€â•¯

ðŸ’Œ GET  /robots.txt 200 - - 8.302 ms
GET /introduction 200 - - 433.606 ms
GET /abstract 200 - - 442.480 ms
GET /literature 200 - - 444.273 ms
GET /dataanalysis 200 - - 468.595 ms
ðŸ’Œ GET  /paper-root.json 200 - - 444.570 ms
GET /paper-root 200 - - 493.575 ms
GET /dataanalysis.json 200 - - 424.897 ms
GET /conclusion 200 - - 494.035 ms
GET /appendix 200 - - 502.251 ms
GET /abstract.json 200 - - 488.709 ms
GET /introduction.json 200 - - 484.535 ms
GET /literature.json 200 - - 480.788 ms
GET /appendix.json 200 - - 432.488 ms
GET /myst-theme.css 200 - - 343.642 ms
GET /conclusion.json 200 - - 503.619 ms
ðŸ’Œ GET  /favicon.ico 200 - - 172.644 ms
â›”ï¸ _toc.yml Referenced file not found: 06_bibliography
âš ï¸  myst.yml Bibliography file references.bib not found
ðŸŒŽ Building MyST site
BASE_URL environment overwrite is set
Building the site with a baseurl of "/dockervm29/09e0d975-9af2-11ef-8c58-5254001d4703/proxy/3000"
ðŸ“– Built 01_abstract.md in 143 ms.
ðŸ“– Built 02_introduction.md in 143 ms.
ðŸ“– Built 03_literature.md in 143 ms.
ðŸ“– Built 05_conclusion.md in 139 ms.
ðŸ“– Built 07_appendix.ipynb in 140 ms.
ðŸ“– Built 04_dataanalysis.ipynb in 152 ms.
â›”ï¸ 00_paper_root.md Include Directive: Could not find "06_bibliography.ipynb" relative to "00_paper_root.md"
ðŸ“– Built 00_paper_root.md in 579 ms.
âš ï¸  00_paper_root.md Could not link citation with label "Bremus2020-ht".
âš ï¸  00_paper_root.md Could not link citation with label "political_hibbs_1977".
âš ï¸  00_paper_root.md Could not link citation with label "presidents_blinder_2016".
âš ï¸  00_paper_root.md Could not link citation with label "presidential_santaclara_2003".
âš ï¸  00_paper_root.md Could not link citation with label "global_boumans_2021".
âš ï¸  00_paper_root.md Could not link citation with label "cost_nanda_2008".
âš ï¸  00_paper_root.md Could not link citation with label "Hemmelgarn2014-eq".
âš ï¸  03_literature.md Could not link citation with label "Bremus2020-ht".
âš ï¸  03_literature.md Could not link citation with label "political_hibbs_1977".
âš ï¸  03_literature.md Could not link citation with label "presidents_blinder_2016".
âš ï¸  03_literature.md Could not link citation with label "presidential_santaclara_2003".
âš ï¸  03_literature.md Could not link citation with label "global_boumans_2021".
âš ï¸  03_literature.md Could not link citation with label "cost_nanda_2008".
âš ï¸  04_dataanalysis.ipynb Could not link citation with label "Hemmelgarn2014-eq".
ðŸ“š Built 7 pages for project in 803 ms.


	âœ¨âœ¨âœ¨  Starting Article Theme  âœ¨âœ¨âœ¨



ðŸ”Œ Server started on port 3001!  ðŸ¥³ ðŸŽ‰


	ðŸ‘‰  http://localhost:3001  ðŸ‘ˆ



   â•­â”€â”€â”€â”€â”€â”€â”€â”€â”€â”€â”€â”€â”€â”€â”€â”€â”€â”€â”€â”€â”€â”€â”€â”€â”€â”€â”€â”€â”€â”€â”€â”€â”€â”€â”€â”€â”€â”€â”€â”€â”€â”€â”€â”€â•®
   â”‚                                            â”‚
   â”‚    Update available! v1.3.16 â‰« v1.3.17     â”‚
   â”‚                                            â”‚
   â”‚   Run `pip install -U mystmd` to update.   â”‚
   â”‚                                            â”‚
   â”‚     Follow @MystMarkdown for updates!      â”‚
   â”‚      https://twitter.com/MystMarkdown      â”‚
   â”‚                                            â”‚
   â•°â”€â”€â”€â”€â”€â”€â”€â”€â”€â”€â”€â”€â”€â”€â”€â”€â”€â”€â”€â”€â”€â”€â”€â”€â”€â”€â”€â”€â”€â”€â”€â”€â”€â”€â”€â”€â”€â”€â”€â”€â”€â”€â”€â”€â•¯

ðŸ’Œ GET  /robots.txt 200 - - 12.588 ms
ðŸ’Œ GET  /paper-root.json 200 - - 229.948 ms
GET /abstract.json 200 - - 221.744 ms
ðŸ’Œ GET  /introduction.json 200 - - 218.446 ms
GET /paper-root 200 - - 500.937 ms
GET /appendix 200 - - 440.289 ms
GET /abstract 200 - - 514.843 ms
GET /conclusion.json 200 - - 431.449 ms
GET /introduction 200 - - 531.034 ms
GET /literature.json 200 - - 468.368 ms
GET /dataanalysis.json 200 - - 467.898 ms
GET /myst-theme.css 200 - - 428.084 ms
ðŸ’Œ GET  /appendix.json 200 - - 468.095 ms
GET /literature 200 - - 568.273 ms
GET /dataanalysis 200 - - 589.723 ms
GET /conclusion 200 - - 595.287 ms
ðŸ’Œ GET  /favicon.ico 200 - - 560.445 ms
ðŸŒŽ Building MyST site
BASE_URL environment overwrite is set
Building the site with a baseurl of "/dockervm29/09e0d975-9af2-11ef-8c58-5254001d4703/proxy/3000"
ðŸ“– Built 01_abstract.md in 156 ms.
ðŸ“– Built 02_introduction.md in 156 ms.
ðŸ“– Built 03_literature.md in 155 ms.
ðŸ“– Built 05_conclusion.md in 151 ms.
ðŸ“– Built 07_appendix.ipynb in 150 ms.
ðŸ“– Built 06_bibliography.ipynb in 160 ms.
ðŸ“– Built 04_dataanalysis.ipynb in 168 ms.
ðŸ“– Built 00_paper_root.md in 1.42 s.
âš ï¸  00_paper_root.md Could not link citation with label "Bremus2020-ht".
âš ï¸  00_paper_root.md Could not link citation with label "political_hibbs_1977".
âš ï¸  00_paper_root.md Could not link citation with label "presidents_blinder_2016".
âš ï¸  00_paper_root.md Could not link citation with label "presidential_santaclara_2003".
âš ï¸  00_paper_root.md Could not link citation with label "global_boumans_2021".
âš ï¸  00_paper_root.md Could not link citation with label "cost_nanda_2008".
âš ï¸  00_paper_root.md Could not link citation with label "Hemmelgarn2014-eq".
âš ï¸  03_literature.md Could not link citation with label "Bremus2020-ht".
âš ï¸  03_literature.md Could not link citation with label "political_hibbs_1977".
âš ï¸  03_literature.md Could not link citation with label "presidents_blinder_2016".
âš ï¸  03_literature.md Could not link citation with label "presidential_santaclara_2003".
âš ï¸  03_literature.md Could not link citation with label "global_boumans_2021".
âš ï¸  03_literature.md Could not link citation with label "cost_nanda_2008".
âš ï¸  04_dataanalysis.ipynb Could not link citation with label "Hemmelgarn2014-eq".
ðŸ“š Built 8 pages for project in 1.67 s.


	âœ¨âœ¨âœ¨  Starting Article Theme  âœ¨âœ¨âœ¨



ðŸ”Œ Server started on port 3001!  ðŸ¥³ ðŸŽ‰


	ðŸ‘‰  http://localhost:3001  ðŸ‘ˆ



   â•­â”€â”€â”€â”€â”€â”€â”€â”€â”€â”€â”€â”€â”€â”€â”€â”€â”€â”€â”€â”€â”€â”€â”€â”€â”€â”€â”€â”€â”€â”€â”€â”€â”€â”€â”€â”€â”€â”€â”€â”€â”€â”€â”€â”€â•®
   â”‚                                            â”‚
   â”‚    Update available! v1.3.16 â‰« v1.3.17     â”‚
   â”‚                                            â”‚
   â”‚   Run `pip install -U mystmd` to update.   â”‚
   â”‚                                            â”‚
   â”‚     Follow @MystMarkdown for updates!      â”‚
   â”‚      https://twitter.com/MystMarkdown      â”‚
   â”‚                                            â”‚
   â•°â”€â”€â”€â”€â”€â”€â”€â”€â”€â”€â”€â”€â”€â”€â”€â”€â”€â”€â”€â”€â”€â”€â”€â”€â”€â”€â”€â”€â”€â”€â”€â”€â”€â”€â”€â”€â”€â”€â”€â”€â”€â”€â”€â”€â•¯

ðŸ’Œ GET  /paper-root 200 - - 373.329 ms
GET /introduction 200 - - 345.724 ms
GET /literature 200 - - 356.206 ms
GET /abstract 200 - - 397.591 ms
GET /abstract.json 200 - - 296.602 ms
ðŸ’Œ GET  /dataanalysis 200 - - 412.998 ms
GET /conclusion 200 - - 415.244 ms
GET /bibliography 200 - - 423.325 ms
GET /introduction.json 200 - - 350.510 ms
GET /appendix 200 - - 446.810 ms
GET /paper-root.json 200 - - 443.227 ms
GET /literature.json 200 - - 363.628 ms
GET /dataanalysis.json 200 - - 219.185 ms
GET /robots.txt 200 - - 4.096 ms
GET /conclusion.json 200 - - 149.950 ms
ðŸ’Œ GET  /bibliography.json 200 - - 205.920 ms
ðŸ’Œ GET  /myst-theme.css 200 - - 194.631 ms
GET /appendix.json 200 - - 266.612 ms
ðŸ’Œ GET  /favicon.ico 200 - - 280.697 ms
ðŸŒŽ Building MyST site
BASE_URL environment overwrite is set
Building the site with a baseurl of "/dockervm29/09e0d975-9af2-11ef-8c58-5254001d4703/proxy/3000"
ðŸ“– Built 01_abstract.md in 1.03 s.
ðŸ“– Built 02_introduction.md in 1.03 s.
ðŸ“– Built 03_literature.md in 1.03 s.
ðŸ“– Built 05_conclusion.md in 1.03 s.
ðŸ“– Built 07_appendix.ipynb in 1.02 s.
ðŸ“– Built 06_bibliography.ipynb in 1.03 s.
ðŸ“– Built 04_dataanalysis.ipynb in 1.04 s.
ðŸ“– Built 00_paper_root.md in 2.42 s.
ðŸ“š Built 8 pages for project in 2.65 s.


	âœ¨âœ¨âœ¨  Starting Article Theme  âœ¨âœ¨âœ¨



ðŸ”Œ Server started on port 3001!  ðŸ¥³ ðŸŽ‰


	ðŸ‘‰  http://localhost:3001  ðŸ‘ˆ



   â•­â”€â”€â”€â”€â”€â”€â”€â”€â”€â”€â”€â”€â”€â”€â”€â”€â”€â”€â”€â”€â”€â”€â”€â”€â”€â”€â”€â”€â”€â”€â”€â”€â”€â”€â”€â”€â”€â”€â”€â”€â”€â”€â”€â”€â•®
   â”‚                                            â”‚
   â”‚    Update available! v1.3.16 â‰« v1.3.18     â”‚
   â”‚                                            â”‚
   â”‚   Run `pip install -U mystmd` to update.   â”‚
   â”‚                                            â”‚
   â”‚     Follow @MystMarkdown for updates!      â”‚
   â”‚      https://twitter.com/MystMarkdown      â”‚
   â”‚                                            â”‚
   â•°â”€â”€â”€â”€â”€â”€â”€â”€â”€â”€â”€â”€â”€â”€â”€â”€â”€â”€â”€â”€â”€â”€â”€â”€â”€â”€â”€â”€â”€â”€â”€â”€â”€â”€â”€â”€â”€â”€â”€â”€â”€â”€â”€â”€â•¯

ðŸ’Œ GET  /robots.txt 200 - - 13.072 ms
ðŸ’Œ GET  /paper-root.json 200 - - 247.433 ms
GET /myst-theme.css 200 - - 105.450 ms
GET /abstract 200 - - 519.003 ms
GET /introduction 200 - - 528.190 ms
GET /literature 200 - - 543.914 ms
GET /dataanalysis 200 - - 562.379 ms
GET /conclusion 200 - - 565.445 ms
GET /bibliography 200 - - 570.882 ms
GET /appendix 200 - - 577.062 ms
GET /bibliography.json 200 - - 526.877 ms
GET /abstract.json 200 - - 557.866 ms
GET /introduction.json 200 - - 554.577 ms
GET /literature.json 200 - - 567.883 ms
GET /dataanalysis.json 200 - - 566.608 ms
GET /conclusion.json 200 - - 567.976 ms
GET /paper-root 200 - - 561.494 ms
GET /appendix.json 200 - - 613.525 ms
ðŸ’Œ GET  /favicon.ico 200 - - 570.385 ms
ðŸŒŽ Building MyST site
BASE_URL environment overwrite is set
Building the site with a baseurl of "/dockervm29/09e0d975-9af2-11ef-8c58-5254001d4703/proxy/3000"
ðŸ“– Built 01_abstract.md in 948 ms.
ðŸ“– Built 02_introduction.md in 948 ms.
ðŸ“– Built 03_literature.md in 947 ms.
ðŸ“– Built 05_conclusion.md in 944 ms.
ðŸ“– Built 07_appendix.ipynb in 943 ms.
ðŸ“– Built 06_bibliography.ipynb in 966 ms.
ðŸ“– Built 04_dataanalysis.ipynb in 974 ms.
ðŸ“– Built 00_paper_root.md in 2.39 s.
ðŸ“š Built 8 pages for project in 2.63 s.


	âœ¨âœ¨âœ¨  Starting Article Theme  âœ¨âœ¨âœ¨



ðŸ”Œ Server started on port 3001!  ðŸ¥³ ðŸŽ‰


	ðŸ‘‰  http://localhost:3001  ðŸ‘ˆ



   â•­â”€â”€â”€â”€â”€â”€â”€â”€â”€â”€â”€â”€â”€â”€â”€â”€â”€â”€â”€â”€â”€â”€â”€â”€â”€â”€â”€â”€â”€â”€â”€â”€â”€â”€â”€â”€â”€â”€â”€â”€â”€â”€â”€â”€â•®
   â”‚                                            â”‚
   â”‚    Update available! v1.3.16 â‰« v1.3.18     â”‚
   â”‚                                            â”‚
   â”‚   Run `pip install -U mystmd` to update.   â”‚
   â”‚                                            â”‚
   â”‚     Follow @MystMarkdown for updates!      â”‚
   â”‚      https://twitter.com/MystMarkdown      â”‚
   â”‚                                            â”‚
   â•°â”€â”€â”€â”€â”€â”€â”€â”€â”€â”€â”€â”€â”€â”€â”€â”€â”€â”€â”€â”€â”€â”€â”€â”€â”€â”€â”€â”€â”€â”€â”€â”€â”€â”€â”€â”€â”€â”€â”€â”€â”€â”€â”€â”€â•¯

ðŸ’Œ GET  /robots.txt 200 - - 13.022 ms
ðŸ’Œ GET  /abstract 200 - - 406.005 ms
GET /introduction 200 - - 488.358 ms
GET /dataanalysis 200 - - 510.680 ms
GET /literature 200 - - 523.749 ms
GET /conclusion 200 - - 526.348 ms
GET /bibliography 200 - - 530.634 ms
GET /paper-root.json 200 - - 521.107 ms
GET /abstract.json 200 - - 517.240 ms
ðŸ’Œ GET  /paper-root 200 - - 543.904 ms
GET /appendix 200 - - 599.802 ms
GET /appendix.json 200 - - 551.548 ms
GET /introduction.json 200 - - 582.068 ms
GET /literature.json 200 - - 579.550 ms
GET /dataanalysis.json 200 - - 577.442 ms
GET /conclusion.json 200 - - 574.523 ms
GET /bibliography.json 200 - - 571.746 ms
GET /myst-theme.css 200 - - 515.332 ms
ðŸ’Œ GET  /favicon.ico 200 - - 676.669 ms
ðŸŒŽ Building MyST site
BASE_URL environment overwrite is set
Building the site with a baseurl of "/dockervm29/09e0d975-9af2-11ef-8c58-5254001d4703/proxy/3000"
ðŸ“– Built 01_abstract.md in 974 ms.
ðŸ“– Built 02_introduction.md in 974 ms.
ðŸ“– Built 03_literature.md in 973 ms.
ðŸ“– Built 05_conclusion.md in 970 ms.
ðŸ“– Built 07_appendix.ipynb in 969 ms.
ðŸ“– Built 06_bibliography.ipynb in 979 ms.
ðŸ“– Built 04_dataanalysis.ipynb in 986 ms.
ðŸ“– Built 00_paper_root.md in 2 s.
ðŸ“š Built 8 pages for project in 2.21 s.


	âœ¨âœ¨âœ¨  Starting Article Theme  âœ¨âœ¨âœ¨



ðŸ”Œ Server started on port 3001!  ðŸ¥³ ðŸŽ‰


	ðŸ‘‰  http://localhost:3001  ðŸ‘ˆ



   â•­â”€â”€â”€â”€â”€â”€â”€â”€â”€â”€â”€â”€â”€â”€â”€â”€â”€â”€â”€â”€â”€â”€â”€â”€â”€â”€â”€â”€â”€â”€â”€â”€â”€â”€â”€â”€â”€â”€â”€â”€â”€â”€â”€â”€â•®
   â”‚                                            â”‚
   â”‚    Update available! v1.3.16 â‰« v1.3.18     â”‚
   â”‚                                            â”‚
   â”‚   Run `pip install -U mystmd` to update.   â”‚
   â”‚                                            â”‚
   â”‚     Follow @MystMarkdown for updates!      â”‚
   â”‚      https://twitter.com/MystMarkdown      â”‚
   â”‚                                            â”‚
   â•°â”€â”€â”€â”€â”€â”€â”€â”€â”€â”€â”€â”€â”€â”€â”€â”€â”€â”€â”€â”€â”€â”€â”€â”€â”€â”€â”€â”€â”€â”€â”€â”€â”€â”€â”€â”€â”€â”€â”€â”€â”€â”€â”€â”€â•¯

ðŸ’Œ GET  /robots.txt 200 - - 6.153 ms
ðŸ’Œ GET  /abstract 200 - - 428.488 ms
GET /introduction 200 - - 437.382 ms
GET /literature 200 - - 454.191 ms
GET /dataanalysis 200 - - 479.495 ms
GET /conclusion 200 - - 478.663 ms
GET /myst-theme.css 200 - - 323.386 ms
GET /paper-root 200 - - 471.227 ms
GET /paper-root.json 200 - - 480.999 ms
GET /abstract.json 200 - - 476.355 ms
GET /introduction.json 200 - - 474.075 ms
GET /literature.json 200 - - 472.239 ms
GET /dataanalysis.json 200 - - 470.703 ms
GET /conclusion.json 200 - - 467.829 ms
GET /appendix 200 - - 564.649 ms
GET /appendix.json 200 - - 516.440 ms
GET /bibliography.json 200 - - 542.141 ms
GET /bibliography 200 - - 594.941 ms
ðŸ’Œ GET  /favicon.ico 200 - - 690.260 ms
ðŸŒŽ Building MyST site
BASE_URL environment overwrite is set
Building the site with a baseurl of "/dockervm29/09e0d975-9af2-11ef-8c58-5254001d4703/proxy/3000"
ðŸ“– Built 01_abstract.md in 1.01 s.
ðŸ“– Built 02_introduction.md in 1.01 s.
ðŸ“– Built 03_literature.md in 1 s.
ðŸ“– Built 05_conclusion.md in 1 s.
ðŸ“– Built 07_appendix.ipynb in 1 s.
ðŸ“– Built 06_bibliography.ipynb in 1.01 s.
ðŸ“– Built 04_dataanalysis.ipynb in 1.02 s.
ðŸ“– Built 00_paper_root.md in 2.35 s.
ðŸ“š Built 8 pages for project in 2.56 s.


	âœ¨âœ¨âœ¨  Starting Article Theme  âœ¨âœ¨âœ¨



ðŸ”Œ Server started on port 3001!  ðŸ¥³ ðŸŽ‰


	ðŸ‘‰  http://localhost:3001  ðŸ‘ˆ



   â•­â”€â”€â”€â”€â”€â”€â”€â”€â”€â”€â”€â”€â”€â”€â”€â”€â”€â”€â”€â”€â”€â”€â”€â”€â”€â”€â”€â”€â”€â”€â”€â”€â”€â”€â”€â”€â”€â”€â”€â”€â”€â”€â”€â”€â•®
   â”‚                                            â”‚
   â”‚    Update available! v1.3.16 â‰« v1.3.18     â”‚
   â”‚                                            â”‚
   â”‚   Run `pip install -U mystmd` to update.   â”‚
   â”‚                                            â”‚
   â”‚     Follow @MystMarkdown for updates!      â”‚
   â”‚      https://twitter.com/MystMarkdown      â”‚
   â”‚                                            â”‚
   â•°â”€â”€â”€â”€â”€â”€â”€â”€â”€â”€â”€â”€â”€â”€â”€â”€â”€â”€â”€â”€â”€â”€â”€â”€â”€â”€â”€â”€â”€â”€â”€â”€â”€â”€â”€â”€â”€â”€â”€â”€â”€â”€â”€â”€â•¯

ðŸ’Œ GET  /robots.txt 200 - - 12.981 ms
ðŸ’Œ GET  /myst-theme.css 200 - - 158.695 ms
ðŸ’Œ GET  /paper-root.json 200 - - 298.511 ms
GET /abstract.json 200 - - 295.877 ms
GET /introduction.json 200 - - 295.643 ms
GET /literature.json 200 - - 295.337 ms
GET /dataanalysis.json 200 - - 295.845 ms
GET /conclusion.json 200 - - 294.310 ms
GET /bibliography.json 200 - - 294.042 ms
ðŸ’Œ GET  /appendix.json 200 - - 294.231 ms
GET /introduction 200 - - 470.063 ms
GET /literature 200 - - 494.990 ms
GET /dataanalysis 200 - - 532.761 ms
GET /conclusion 200 - - 538.278 ms
GET /bibliography 200 - - 555.196 ms
GET /appendix 200 - - 563.913 ms
GET /abstract 200 - - 671.438 ms
GET /paper-root 200 - - 721.964 ms
ðŸ’Œ GET  /favicon.ico 200 - - 701.277 ms
ðŸŒŽ Building MyST site
BASE_URL environment overwrite is set
Building the site with a baseurl of "/dockervm29/09e0d975-9af2-11ef-8c58-5254001d4703/proxy/3000"
ðŸ“– Built 01_abstract.md in 983 ms.
ðŸ“– Built 02_introduction.md in 982 ms.
ðŸ“– Built 03_literature.md in 982 ms.
ðŸ“– Built 05_conclusion.md in 980 ms.
ðŸ“– Built 07_appendix.ipynb in 979 ms.
ðŸ“– Built 06_bibliography.ipynb in 988 ms.
ðŸ“– Built 04_dataanalysis.ipynb in 995 ms.
ðŸ“– Built 00_paper_root.md in 2.08 s.
ðŸ“š Built 8 pages for project in 2.29 s.


	âœ¨âœ¨âœ¨  Starting Article Theme  âœ¨âœ¨âœ¨



ðŸ”Œ Server started on port 3001!  ðŸ¥³ ðŸŽ‰


	ðŸ‘‰  http://localhost:3001  ðŸ‘ˆ



   â•­â”€â”€â”€â”€â”€â”€â”€â”€â”€â”€â”€â”€â”€â”€â”€â”€â”€â”€â”€â”€â”€â”€â”€â”€â”€â”€â”€â”€â”€â”€â”€â”€â”€â”€â”€â”€â”€â”€â”€â”€â”€â”€â”€â”€â•®
   â”‚                                            â”‚
   â”‚    Update available! v1.3.16 â‰« v1.3.18     â”‚
   â”‚                                            â”‚
   â”‚   Run `pip install -U mystmd` to update.   â”‚
   â”‚                                            â”‚
   â”‚     Follow @MystMarkdown for updates!      â”‚
   â”‚      https://twitter.com/MystMarkdown      â”‚
   â”‚                                            â”‚
   â•°â”€â”€â”€â”€â”€â”€â”€â”€â”€â”€â”€â”€â”€â”€â”€â”€â”€â”€â”€â”€â”€â”€â”€â”€â”€â”€â”€â”€â”€â”€â”€â”€â”€â”€â”€â”€â”€â”€â”€â”€â”€â”€â”€â”€â•¯

ðŸ’Œ GET  /robots.txt 200 - - 7.219 ms
ðŸ’Œ GET  /abstract 200 - - 419.701 ms
GET /introduction 200 - - 428.246 ms
GET /dataanalysis 200 - - 442.713 ms
GET /paper-root 200 - - 463.003 ms
GET /literature 200 - - 489.961 ms
GET /conclusion 200 - - 481.408 ms
GET /bibliography 200 - - 490.138 ms
GET /paper-root.json 200 - - 476.640 ms
GET /abstract.json 200 - - 475.504 ms
GET /introduction.json 200 - - 474.463 ms
ðŸ’Œ GET  /literature.json 200 - - 473.555 ms
GET /dataanalysis.json 200 - - 472.093 ms
GET /appendix.json 200 - - 431.058 ms
GET /myst-theme.css 200 - - 347.309 ms
GET /appendix 200 - - 550.755 ms
GET /bibliography.json 200 - - 503.098 ms
GET /conclusion.json 200 - - 510.957 ms
ðŸ’Œ GET  /favicon.ico 200 - - 361.205 ms
ðŸŒŽ Building MyST site
BASE_URL environment overwrite is set
Building the site with a baseurl of "/dockervm29/09e0d975-9af2-11ef-8c58-5254001d4703/proxy/3000"
ðŸ“– Built 01_abstract.md in 965 ms.
ðŸ“– Built 02_introduction.md in 964 ms.
ðŸ“– Built 03_literature.md in 964 ms.
ðŸ“– Built 05_conclusion.md in 960 ms.
ðŸ“– Built 07_appendix.ipynb in 959 ms.
ðŸ“– Built 06_bibliography.ipynb in 983 ms.
ðŸ“– Built 04_dataanalysis.ipynb in 991 ms.
ðŸ“– Built 00_paper_root.md in 2.43 s.
ðŸ“š Built 8 pages for project in 2.66 s.


	âœ¨âœ¨âœ¨  Starting Article Theme  âœ¨âœ¨âœ¨



ðŸ”Œ Server started on port 3001!  ðŸ¥³ ðŸŽ‰


	ðŸ‘‰  http://localhost:3001  ðŸ‘ˆ



   â•­â”€â”€â”€â”€â”€â”€â”€â”€â”€â”€â”€â”€â”€â”€â”€â”€â”€â”€â”€â”€â”€â”€â”€â”€â”€â”€â”€â”€â”€â”€â”€â”€â”€â”€â”€â”€â”€â”€â”€â”€â”€â”€â”€â”€â•®
   â”‚                                            â”‚
   â”‚    Update available! v1.3.16 â‰« v1.3.18     â”‚
   â”‚                                            â”‚
   â”‚   Run `pip install -U mystmd` to update.   â”‚
   â”‚                                            â”‚
   â”‚     Follow @MystMarkdown for updates!      â”‚
   â”‚      https://twitter.com/MystMarkdown      â”‚
   â”‚                                            â”‚
   â•°â”€â”€â”€â”€â”€â”€â”€â”€â”€â”€â”€â”€â”€â”€â”€â”€â”€â”€â”€â”€â”€â”€â”€â”€â”€â”€â”€â”€â”€â”€â”€â”€â”€â”€â”€â”€â”€â”€â”€â”€â”€â”€â”€â”€â•¯

ðŸ’Œ GET  /abstract 200 - - 321.998 ms
GET /introduction 200 - - 340.563 ms
GET /literature 200 - - 372.873 ms
ðŸ’Œ GET  /dataanalysis 200 - - 418.553 ms
GET /conclusion 200 - - 419.078 ms
GET /paper-root.json 200 - - 426.935 ms
GET /literature.json 200 - - 374.688 ms
GET /bibliography 200 - - 473.759 ms
GET /paper-root 200 - - 579.740 ms
GET /conclusion.json 200 - - 346.889 ms
GET /introduction.json 200 - - 445.776 ms
GET /abstract.json 200 - - 454.716 ms
GET /appendix 200 - - 489.734 ms
GET /dataanalysis.json 200 - - 392.368 ms
GET /robots.txt 200 - - 3.926 ms
GET /bibliography.json 200 - - 217.618 ms
ðŸ’Œ GET  /myst-theme.css 200 - - 198.727 ms
ðŸ’Œ GET  /appendix.json 200 - - 279.477 ms
ðŸ’Œ GET  /favicon.ico 200 - - 487.390 ms
ðŸŒŽ Building MyST site
BASE_URL environment overwrite is set
Building the site with a baseurl of "/dockervm29/09e0d975-9af2-11ef-8c58-5254001d4703/proxy/3000"
ðŸŒŽ Building MyST site
BASE_URL environment overwrite is set
Building the site with a baseurl of "/dockervm29/09e0d975-9af2-11ef-8c58-5254001d4703/proxy/3000"
ENOTEMPTY: directory not empty, rmdir '_build/html/build/_assets'


Myst CLI Versions:
 - node                         22.9.0     Required: >= 18.0.0      
 - npm                          10.8.3     Required: >=8.6.0        
 - myst                         1.3.16     


ðŸ“– Built 01_abstract.md in 1.08 s.
ðŸ“– Built 02_introduction.md in 1.08 s.
ðŸ“– Built 03_literature.md in 1.07 s.
ðŸ“– Built 05_conclusion.md in 1.07 s.
ðŸ“– Built 07_appendix.ipynb in 1.07 s.
ðŸ“– Built 06_bibliography.ipynb in 1.08 s.
ðŸ“– Built 04_dataanalysis.ipynb in 1.09 s.
ðŸ“– Built 00_paper_root.md in 2.46 s.
ðŸ“š Built 8 pages for project in 2.68 s.


	âœ¨âœ¨âœ¨  Starting Article Theme  âœ¨âœ¨âœ¨



ðŸ”Œ Server started on port 3001!  ðŸ¥³ ðŸŽ‰


	ðŸ‘‰  http://localhost:3001  ðŸ‘ˆ



   â•­â”€â”€â”€â”€â”€â”€â”€â”€â”€â”€â”€â”€â”€â”€â”€â”€â”€â”€â”€â”€â”€â”€â”€â”€â”€â”€â”€â”€â”€â”€â”€â”€â”€â”€â”€â”€â”€â”€â”€â”€â”€â”€â”€â”€â•®
   â”‚                                            â”‚
   â”‚    Update available! v1.3.16 â‰« v1.3.18     â”‚
   â”‚                                            â”‚
   â”‚   Run `pip install -U mystmd` to update.   â”‚
   â”‚                                            â”‚
   â”‚     Follow @MystMarkdown for updates!      â”‚
   â”‚      https://twitter.com/MystMarkdown      â”‚
   â”‚                                            â”‚
   â•°â”€â”€â”€â”€â”€â”€â”€â”€â”€â”€â”€â”€â”€â”€â”€â”€â”€â”€â”€â”€â”€â”€â”€â”€â”€â”€â”€â”€â”€â”€â”€â”€â”€â”€â”€â”€â”€â”€â”€â”€â”€â”€â”€â”€â•¯

ðŸ’Œ GET  /robots.txt 200 - - 13.187 ms
ðŸ’Œ GET  /abstract 200 - - 460.775 ms
GET /myst-theme.css 200 - - 291.844 ms
GET /literature 200 - - 480.972 ms
GET /dataanalysis.json 200 - - 399.527 ms
GET /dataanalysis 200 - - 536.965 ms
GET /conclusion.json 200 - - 462.343 ms
GET /conclusion 200 - - 547.192 ms
ðŸ’Œ GET  /bibliography.json 200 - - 478.154 ms
GET /bibliography 200 - - 566.938 ms
GET /appendix.json 200 - - 503.768 ms
GET /appendix 200 - - 570.773 ms
GET /abstract.json 200 - - 615.325 ms
GET /paper-root.json 200 - - 580.501 ms
GET /introduction.json 200 - - 612.123 ms
GET /introduction 200 - - 710.836 ms
GET /literature.json 200 - - 624.229 ms
GET /paper-root 200 - - 779.340 ms
ðŸ’Œ GET  /favicon.ico 200 - - 592.111 ms
ðŸŒŽ Building MyST site
ðŸŒŽ Building MyST site
BASE_URL environment overwrite is set
BASE_URL environment overwrite is set
Building the site with a baseurl of "/dockervm29/09e0d975-9af2-11ef-8c58-5254001d4703/proxy/3000"
Building the site with a baseurl of "/dockervm29/09e0d975-9af2-11ef-8c58-5254001d4703/proxy/3000"
ðŸ“– Built 01_abstract.md in 1.19 s.
ðŸ“– Built 02_introduction.md in 1.19 s.
ðŸ“– Built 03_literature.md in 1.18 s.
ðŸ“– Built 05_conclusion.md in 1.18 s.
ðŸ“– Built 07_appendix.ipynb in 1.18 s.
ðŸ“– Built 06_bibliography.ipynb in 1.19 s.
ðŸ“– Built 04_dataanalysis.ipynb in 1.2 s.
ðŸ“– Built 01_abstract.md in 1.25 s.
ðŸ“– Built 02_introduction.md in 1.25 s.
ðŸ“– Built 03_literature.md in 1.24 s.
ðŸ“– Built 05_conclusion.md in 1.24 s.
ðŸ“– Built 07_appendix.ipynb in 1.24 s.
ðŸ“– Built 06_bibliography.ipynb in 1.25 s.
ðŸ“– Built 04_dataanalysis.ipynb in 1.26 s.
ðŸ“– Built 00_paper_root.md in 2.61 s.
ðŸ“– Built 00_paper_root.md in 2.68 s.
ðŸ“š Built 8 pages for project in 2.9 s.
ðŸ“š Built 8 pages for project in 2.92 s.


	âœ¨âœ¨âœ¨  Starting Article Theme  âœ¨âœ¨âœ¨




	âœ¨âœ¨âœ¨  Starting Article Theme  âœ¨âœ¨âœ¨



ðŸ”Œ Server started on port 3001!  ðŸ¥³ ðŸŽ‰


	ðŸ‘‰  http://localhost:3001  ðŸ‘ˆ



   â•­â”€â”€â”€â”€â”€â”€â”€â”€â”€â”€â”€â”€â”€â”€â”€â”€â”€â”€â”€â”€â”€â”€â”€â”€â”€â”€â”€â”€â”€â”€â”€â”€â”€â”€â”€â”€â”€â”€â”€â”€â”€â”€â”€â”€â•®
   â”‚                                            â”‚
   â”‚    Update available! v1.3.16 â‰« v1.3.18     â”‚
   â”‚                                            â”‚
   â”‚   Run `pip install -U mystmd` to update.   â”‚
   â”‚                                            â”‚
   â”‚     Follow @MystMarkdown for updates!      â”‚
   â”‚      https://twitter.com/MystMarkdown      â”‚
   â”‚                                            â”‚
   â•°â”€â”€â”€â”€â”€â”€â”€â”€â”€â”€â”€â”€â”€â”€â”€â”€â”€â”€â”€â”€â”€â”€â”€â”€â”€â”€â”€â”€â”€â”€â”€â”€â”€â”€â”€â”€â”€â”€â”€â”€â”€â”€â”€â”€â•¯

Error: listen EADDRINUSE: address already in use :::3001
    at Server.setupListenHandle [as _listen2] (node:net:1908:16)
    at listenInCluster (node:net:1965:12)
    at Server.listen (node:net:2067:7)
    at Function.listen (_build/templates/site/myst/article-theme/node_modules/express/lib/application.js:635:24)
    at start (_build/templates/site/myst/article-theme/server.js:40:7)
    at Object.<anonymous> (_build/templates/site/myst/article-theme/server.js:45:1)
    at Module._compile (node:internal/modules/cjs/loader:1546:14)
    at Object.Module._extensions..js (node:internal/modules/cjs/loader:1691:10)
    at Module.load (node:internal/modules/cjs/loader:1317:32)
    at Function.Module._load (node:internal/modules/cjs/loader:1127:12)

ðŸ’Œ GET  /robots.txt 200 - - 13.282 ms
ðŸ’Œ GET  /abstract 200 - - 510.021 ms
GET /introduction 200 - - 515.890 ms
GET /literature 200 - - 535.125 ms
GET /dataanalysis 200 - - 561.486 ms
GET /conclusion 200 - - 563.958 ms
GET /bibliography 200 - - 568.293 ms
GET /paper-root.json 200 - - 558.524 ms
ðŸ’Œ GET  /paper-root 200 - - 556.597 ms
GET /appendix.json 200 - - 581.674 ms
GET /abstract.json 200 - - 633.069 ms
GET /appendix 200 - - 647.997 ms
GET /introduction.json 200 - - 629.713 ms
GET /literature.json 200 - - 627.354 ms
GET /conclusion.json 200 - - 622.819 ms
GET /bibliography.json 200 - - 620.044 ms
GET /dataanalysis.json 200 - - 625.913 ms
GET /myst-theme.css 200 - - 546.074 ms
ðŸ’Œ GET  /favicon.ico 200 - - 563.315 ms
Terminated
ðŸŒŽ Building MyST site
ðŸŒŽ Building MyST site
BASE_URL environment overwrite is set
Building the site with a baseurl of "/dockervm29/09e0d975-9af2-11ef-8c58-5254001d4703/proxy/3000"
BASE_URL environment overwrite is set
Building the site with a baseurl of "/dockervm29/09e0d975-9af2-11ef-8c58-5254001d4703/proxy/3000"
ðŸŒŽ Building MyST site
BASE_URL environment overwrite is set
Building the site with a baseurl of "/dockervm29/09e0d975-9af2-11ef-8c58-5254001d4703/proxy/3000"
ðŸ“– Built 01_abstract.md in 1.44 s.
ðŸ“– Built 02_introduction.md in 1.44 s.
ðŸ“– Built 03_literature.md in 1.44 s.
ðŸ“– Built 05_conclusion.md in 1.44 s.
ðŸ“– Built 07_appendix.ipynb in 1.44 s.
ðŸ“– Built 01_abstract.md in 1.45 s.
ðŸ“– Built 02_introduction.md in 1.45 s.
ðŸ“– Built 03_literature.md in 1.45 s.
ðŸ“– Built 05_conclusion.md in 1.44 s.
ðŸ“– Built 07_appendix.ipynb in 1.44 s.
ðŸ“– Built 06_bibliography.ipynb in 1.49 s.
ðŸ“– Built 04_dataanalysis.ipynb in 1.5 s.
ðŸ“– Built 06_bibliography.ipynb in 1.51 s.
ðŸ“– Built 04_dataanalysis.ipynb in 1.53 s.
ðŸ“– Built 01_abstract.md in 1.56 s.
ðŸ“– Built 02_introduction.md in 1.59 s.
ðŸ“– Built 03_literature.md in 1.59 s.
ðŸ“– Built 05_conclusion.md in 1.59 s.
ðŸ“– Built 07_appendix.ipynb in 1.59 s.
ðŸ“– Built 06_bibliography.ipynb in 1.6 s.
ðŸ“– Built 04_dataanalysis.ipynb in 1.61 s.
ðŸ“– Built 00_paper_root.md in 2.93 s.
ðŸ“– Built 00_paper_root.md in 2.95 s.
ðŸ“– Built 00_paper_root.md in 2.95 s.
ðŸ“š Built 8 pages for project in 3.33 s.
ðŸ“š Built 8 pages for project in 3.33 s.
ðŸ“š Built 8 pages for project in 3.34 s.


	âœ¨âœ¨âœ¨  Starting Article Theme  âœ¨âœ¨âœ¨




	âœ¨âœ¨âœ¨  Starting Article Theme  âœ¨âœ¨âœ¨




	âœ¨âœ¨âœ¨  Starting Article Theme  âœ¨âœ¨âœ¨


node:events:497
      throw er; // Unhandled 'error' event
      ^

Error: listen EADDRINUSE: address already in use :::3101
    at Server.setupListenHandle [as _listen2] (node:net:1908:16)
    at listenInCluster (node:net:1965:12)
    at Server.listen (node:net:2067:7)
    at Function.listen (/home/idies/mambaforge/envs/econark/lib/python3.11/site-packages/mystmd_py/myst.cjs:137720:28)
    at startContentServer (/home/idies/mambaforge/envs/econark/lib/python3.11/site-packages/mystmd_py/myst.cjs:317374:22)
    at process.processTicksAndRejections (node:internal/process/task_queues:105:5)
    at async startServer (/home/idies/mambaforge/envs/econark/lib/python3.11/site-packages/mystmd_py/myst.cjs:317432:18)
    at async buildHtml (/home/idies/mambaforge/envs/econark/lib/python3.11/site-packages/mystmd_py/myst.cjs:317563:21)
    at async build (/home/idies/mambaforge/envs/econark/lib/python3.11/site-packages/mystmd_py/myst.cjs:317787:9)
    at async Command2.<anonymous> (/home/idies/mambaforge/envs/econark/lib/python3.11/site-packages/mystmd_py/myst.cjs:332293:7)
Emitted 'error' event on Server instance at:
    at emitErrorNT (node:net:1944:8)
    at process.processTicksAndRejections (node:internal/process/task_queues:90:21) {
  code: 'EADDRINUSE',
  errno: -98,
  syscall: 'listen',
  address: '::',
  port: 3101
}

Node.js v22.9.0

ðŸ”Œ Server started on port 3001!  ðŸ¥³ ðŸŽ‰


	ðŸ‘‰  http://localhost:3001  ðŸ‘ˆ


Error: listen EADDRINUSE: address already in use :::3001
    at Server.setupListenHandle [as _listen2] (node:net:1908:16)
    at listenInCluster (node:net:1965:12)
    at Server.listen (node:net:2067:7)
    at Function.listen (_build/templates/site/myst/article-theme/node_modules/express/lib/application.js:635:24)
    at start (_build/templates/site/myst/article-theme/server.js:40:7)
    at Object.<anonymous> (_build/templates/site/myst/article-theme/server.js:45:1)
    at Module._compile (node:internal/modules/cjs/loader:1546:14)
    at Object.Module._extensions..js (node:internal/modules/cjs/loader:1691:10)
    at Module.load (node:internal/modules/cjs/loader:1317:32)
    at Function.Module._load (node:internal/modules/cjs/loader:1127:12)


â•­â”€â”€â”€â”€â”€â”€â”€â”€â”€â”€â”€â”€â”€â”€â”€â”€â”€â”€â”€â”€â”€â”€â”€â”€â”€â•®
â”‚                         â”‚
â”‚    Update available!    â”‚
â”‚    v1.3.16 â‰« v1.3.18    â”‚
â”‚                         â”‚
â”‚   Run `pip install -U   â”‚
â”‚   mystmd` to update.    â”‚
â”‚                         â”‚
â”‚         Follow          â”‚
â”‚    @MystMarkdown for    â”‚
â”‚        updates!         â”‚
â”‚   https://twitter.com   â”‚
â”‚      /MystMarkdown      â”‚
â”‚                         â”‚
â•°â”€â”€â”€â”€â”€â”€â”€â”€â”€â”€â”€â”€â”€â”€â”€â”€â”€â”€â”€â”€â”€â”€â”€â”€â”€â•¯

ðŸ’Œ GET  /paper-root 200 - - 436.084 ms
GET /robots.txt 200 - - 5.272 ms
GET /literature.json 200 - - 283.383 ms
GET /paper-root.json 200 - - 335.659 ms
GET /abstract 200 - - 429.082 ms
GET /literature 200 - - 431.866 ms
GET /introduction 200 - - 459.666 ms
GET /abstract.json 200 - - 390.994 ms
GET /dataanalysis 200 - - 477.982 ms
GET /dataanalysis.json 200 - - 367.444 ms
GET /introduction.json 200 - - 450.193 ms
GET /bibliography.json 200 - - 369.855 ms
ðŸ’Œ GET  /conclusion 200 - - 507.567 ms
GET /bibliography 200 - - 514.253 ms
GET /appendix 200 - - 519.136 ms
GET /appendix.json 200 - - 420.383 ms
GET /myst-theme.css 200 - - 79.118 ms
ðŸ’Œ GET  /conclusion.json 200 - - 313.237 ms
ðŸ’Œ GET  /favicon.ico 200 - - 384.536 ms
Terminated
Terminated
ðŸŒŽ Building MyST site
BASE_URL environment overwrite is set
Building the site with a baseurl of "/dockervm29/09e0d975-9af2-11ef-8c58-5254001d4703/proxy/3000"
ðŸŒŽ Building MyST site
BASE_URL environment overwrite is set
Building the site with a baseurl of "/dockervm29/09e0d975-9af2-11ef-8c58-5254001d4703/proxy/3000"
ðŸŒŽ Building MyST site
BASE_URL environment overwrite is set
Building the site with a baseurl of "/dockervm29/09e0d975-9af2-11ef-8c58-5254001d4703/proxy/3000"
ðŸ“– Built 01_abstract.md in 1.8 s.
ðŸ“– Built 02_introduction.md in 1.8 s.
ðŸ“– Built 03_literature.md in 1.8 s.
ðŸ“– Built 05_conclusion.md in 1.78 s.
ðŸ“– Built 07_appendix.ipynb in 1.78 s.
ðŸ“– Built 01_abstract.md in 1.91 s.
ðŸ“– Built 02_introduction.md in 1.91 s.
ðŸ“– Built 03_literature.md in 1.91 s.
ðŸ“– Built 05_conclusion.md in 1.89 s.
ðŸ“– Built 06_bibliography.ipynb in 1.89 s.
ðŸ“– Built 07_appendix.ipynb in 1.89 s.
ðŸ“– Built 04_dataanalysis.ipynb in 1.9 s.
ðŸ“– Built 06_bibliography.ipynb in 1.91 s.
ðŸ“– Built 04_dataanalysis.ipynb in 1.93 s.
ðŸ“– Built 01_abstract.md in 1.95 s.
ðŸ“– Built 02_introduction.md in 1.94 s.
ðŸ“– Built 03_literature.md in 1.94 s.
ðŸ“– Built 05_conclusion.md in 1.93 s.
ðŸ“– Built 07_appendix.ipynb in 1.93 s.
ðŸ“– Built 06_bibliography.ipynb in 1.94 s.
ðŸ“– Built 04_dataanalysis.ipynb in 1.95 s.
ðŸ“– Built 00_paper_root.md in 3.68 s.
ðŸ“– Built 00_paper_root.md in 3.69 s.
ðŸ“– Built 00_paper_root.md in 3.71 s.
ðŸ“š Built 8 pages for project in 4.11 s.
ðŸ“š Built 8 pages for project in 4.14 s.
ðŸ“š Built 8 pages for project in 4.14 s.


	âœ¨âœ¨âœ¨  Starting Article Theme  âœ¨âœ¨âœ¨




	âœ¨âœ¨âœ¨  Starting Article Theme  âœ¨âœ¨âœ¨




	âœ¨âœ¨âœ¨  Starting Article Theme  âœ¨âœ¨âœ¨


node:events:497
      throw er; // Unhandled 'error' event
      ^

Error: listen EADDRINUSE: address already in use :::3100
    at Server.setupListenHandle [as _listen2] (node:net:1908:16)
    at listenInCluster (node:net:1965:12)
    at Server.listen (node:net:2067:7)
    at Function.listen (/home/idies/mambaforge/envs/econark/lib/python3.11/site-packages/mystmd_py/myst.cjs:137720:28)
    at startContentServer (/home/idies/mambaforge/envs/econark/lib/python3.11/site-packages/mystmd_py/myst.cjs:317374:22)
    at process.processTicksAndRejections (node:internal/process/task_queues:105:5)
    at async startServer (/home/idies/mambaforge/envs/econark/lib/python3.11/site-packages/mystmd_py/myst.cjs:317432:18)
    at async buildHtml (/home/idies/mambaforge/envs/econark/lib/python3.11/site-packages/mystmd_py/myst.cjs:317563:21)
    at async build (/home/idies/mambaforge/envs/econark/lib/python3.11/site-packages/mystmd_py/myst.cjs:317787:9)
    at async Command2.<anonymous> (/home/idies/mambaforge/envs/econark/lib/python3.11/site-packages/mystmd_py/myst.cjs:332293:7)
Emitted 'error' event on Server instance at:
    at emitErrorNT (node:net:1944:8)
    at process.processTicksAndRejections (node:internal/process/task_queues:90:21) {
  code: 'EADDRINUSE',
  errno: -98,
  syscall: 'listen',
  address: '::',
  port: 3100
}

Node.js v22.9.0

ðŸ”Œ Server started on port 3001!  ðŸ¥³ ðŸŽ‰


	ðŸ‘‰  http://localhost:3001  ðŸ‘ˆ



â•­â”€â”€â”€â”€â”€â”€â”€â”€â”€â”€â”€â”€â”€â”€â”€â”€â”€â”€â”€â”€â”€â”€â”€â”€â”€â•®
â”‚                         â”‚
â”‚    Update available!    â”‚
â”‚    v1.3.16 â‰« v1.3.18    â”‚
â”‚                         â”‚
â”‚   Run `pip install -U   â”‚
â”‚   mystmd` to update.    â”‚
â”‚                         â”‚
â”‚         Follow          â”‚
â”‚    @MystMarkdown for    â”‚
â”‚        updates!         â”‚
â”‚   https://twitter.com   â”‚
â”‚      /MystMarkdown      â”‚
â”‚                         â”‚
â•°â”€â”€â”€â”€â”€â”€â”€â”€â”€â”€â”€â”€â”€â”€â”€â”€â”€â”€â”€â”€â”€â”€â”€â”€â”€â•¯

Error: listen EADDRINUSE: address already in use :::3001
    at Server.setupListenHandle [as _listen2] (node:net:1908:16)
    at listenInCluster (node:net:1965:12)
    at Server.listen (node:net:2067:7)
    at Function.listen (_build/templates/site/myst/article-theme/node_modules/express/lib/application.js:635:24)
    at start (_build/templates/site/myst/article-theme/server.js:40:7)
    at Object.<anonymous> (_build/templates/site/myst/article-theme/server.js:45:1)
    at Module._compile (node:internal/modules/cjs/loader:1546:14)
    at Object.Module._extensions..js (node:internal/modules/cjs/loader:1691:10)
    at Module.load (node:internal/modules/cjs/loader:1317:32)
    at Function.Module._load (node:internal/modules/cjs/loader:1127:12)

ðŸ’Œ GET  /robots.txt 200 - - 13.626 ms
ðŸ’Œ GET  /paper-root.json 200 - - 301.503 ms
GET /myst-theme.css 200 - - 160.354 ms
GET /abstract.json 200 - - 294.245 ms
GET /introduction.json 200 - - 291.742 ms
GET /literature.json 200 - - 322.777 ms
GET /dataanalysis.json 200 - - 321.292 ms
GET /introduction 200 - - 519.940 ms
GET /abstract 200 - - 556.077 ms
GET /conclusion.json 200 - - 544.105 ms
GET /literature 200 - - 629.930 ms
GET /dataanalysis 200 - - 669.777 ms
GET /bibliography.json 200 - - 583.002 ms
GET /bibliography 200 - - 671.126 ms
GET /conclusion 200 - - 701.170 ms
GET /appendix.json 200 - - 611.299 ms
GET /appendix 200 - - 696.577 ms
GET /paper-root 200 - - 692.666 ms
ðŸ’Œ GET  /favicon.ico 200 - - 602.448 ms
Terminated
ðŸŒŽ Building MyST site
ðŸŒŽ Building MyST site
ðŸŒŽ Building MyST site
BASE_URL environment overwrite is set
Building the site with a baseurl of "/dockervm29/09e0d975-9af2-11ef-8c58-5254001d4703/proxy/3000"
BASE_URL environment overwrite is set
BASE_URL environment overwrite is set
Building the site with a baseurl of "/dockervm29/09e0d975-9af2-11ef-8c58-5254001d4703/proxy/3000"
Building the site with a baseurl of "/dockervm29/09e0d975-9af2-11ef-8c58-5254001d4703/proxy/3000"
ðŸ“– Built 01_abstract.md in 1.24 s.
ðŸ“– Built 02_introduction.md in 1.24 s.
ðŸ“– Built 03_literature.md in 1.23 s.
ðŸ“– Built 05_conclusion.md in 1.23 s.
ðŸ“– Built 07_appendix.ipynb in 1.23 s.
ðŸ“– Built 06_bibliography.ipynb in 1.25 s.
ðŸ“– Built 04_dataanalysis.ipynb in 1.26 s.
ðŸ“– Built 01_abstract.md in 1.31 s.
ðŸ“– Built 02_introduction.md in 1.3 s.
ðŸ“– Built 03_literature.md in 1.3 s.
ðŸ“– Built 05_conclusion.md in 1.3 s.
ðŸ“– Built 07_appendix.ipynb in 1.3 s.
ðŸ“– Built 06_bibliography.ipynb in 1.31 s.
ðŸ“– Built 04_dataanalysis.ipynb in 1.32 s.
ðŸ“– Built 01_abstract.md in 1.39 s.
ðŸ“– Built 02_introduction.md in 1.39 s.
ðŸ“– Built 03_literature.md in 1.39 s.
ðŸ“– Built 05_conclusion.md in 1.38 s.
ðŸ“– Built 07_appendix.ipynb in 1.38 s.
ðŸ“– Built 06_bibliography.ipynb in 1.41 s.
ðŸ“– Built 04_dataanalysis.ipynb in 1.43 s.
ðŸ“– Built 00_paper_root.md in 2.54 s.
ðŸ“– Built 00_paper_root.md in 2.59 s.
ðŸ“– Built 00_paper_root.md in 2.77 s.
ðŸ“š Built 8 pages for project in 2.92 s.
ðŸ“š Built 8 pages for project in 2.97 s.
ðŸ“š Built 8 pages for project in 3.05 s.


	âœ¨âœ¨âœ¨  Starting Article Theme  âœ¨âœ¨âœ¨


node:events:497
      throw er; // Unhandled 'error' event
      ^

Error: listen EADDRINUSE: address already in use :::3100
    at Server.setupListenHandle [as _listen2] (node:net:1908:16)
    at listenInCluster (node:net:1965:12)
    at Server.listen (node:net:2067:7)
    at Function.listen (/home/idies/mambaforge/envs/econark/lib/python3.11/site-packages/mystmd_py/myst.cjs:137720:28)
    at startContentServer (/home/idies/mambaforge/envs/econark/lib/python3.11/site-packages/mystmd_py/myst.cjs:317374:22)
    at process.processTicksAndRejections (node:internal/process/task_queues:105:5)
    at async startServer (/home/idies/mambaforge/envs/econark/lib/python3.11/site-packages/mystmd_py/myst.cjs:317432:18)
    at async buildHtml (/home/idies/mambaforge/envs/econark/lib/python3.11/site-packages/mystmd_py/myst.cjs:317563:21)
    at async build (/home/idies/mambaforge/envs/econark/lib/python3.11/site-packages/mystmd_py/myst.cjs:317787:9)
    at async Command2.<anonymous> (/home/idies/mambaforge/envs/econark/lib/python3.11/site-packages/mystmd_py/myst.cjs:332293:7)
Emitted 'error' event on Server instance at:
    at emitErrorNT (node:net:1944:8)
    at process.processTicksAndRejections (node:internal/process/task_queues:90:21) {
  code: 'EADDRINUSE',
  errno: -98,
  syscall: 'listen',
  address: '::',
  port: 3100
}

Node.js v22.9.0


	âœ¨âœ¨âœ¨  Starting Article Theme  âœ¨âœ¨âœ¨




	âœ¨âœ¨âœ¨  Starting Article Theme  âœ¨âœ¨âœ¨



ðŸ”Œ Server started on port 3001!  ðŸ¥³ ðŸŽ‰


	ðŸ‘‰  http://localhost:3001  ðŸ‘ˆ



â•­â”€â”€â”€â”€â”€â”€â”€â”€â”€â”€â”€â”€â”€â”€â”€â”€â”€â”€â”€â”€â”€â”€â”€â”€â”€â•®
â”‚                         â”‚
â”‚    Update available!    â”‚
â”‚    v1.3.16 â‰« v1.3.18    â”‚
â”‚                         â”‚
â”‚   Run `pip install -U   â”‚
â”‚   mystmd` to update.    â”‚
â”‚                         â”‚
â”‚         Follow          â”‚
â”‚    @MystMarkdown for    â”‚
â”‚        updates!         â”‚
â”‚   https://twitter.com   â”‚
â”‚      /MystMarkdown      â”‚
â”‚                         â”‚
â•°â”€â”€â”€â”€â”€â”€â”€â”€â”€â”€â”€â”€â”€â”€â”€â”€â”€â”€â”€â”€â”€â”€â”€â”€â”€â•¯

Error: listen EADDRINUSE: address already in use :::3001
    at Server.setupListenHandle [as _listen2] (node:net:1908:16)
    at listenInCluster (node:net:1965:12)
    at Server.listen (node:net:2067:7)
    at Function.listen (_build/templates/site/myst/article-theme/node_modules/express/lib/application.js:635:24)
    at start (_build/templates/site/myst/article-theme/server.js:40:7)
    at Object.<anonymous> (_build/templates/site/myst/article-theme/server.js:45:1)
    at Module._compile (node:internal/modules/cjs/loader:1546:14)
    at Object.Module._extensions..js (node:internal/modules/cjs/loader:1691:10)
    at Module.load (node:internal/modules/cjs/loader:1317:32)
    at Function.Module._load (node:internal/modules/cjs/loader:1127:12)

ðŸ’Œ GET  /introduction 200 - - 405.579 ms
GET /literature 200 - - 421.284 ms
GET /dataanalysis 200 - - 441.916 ms
ðŸ’Œ GET  /paper-root 200 - - 450.279 ms
GET /bibliography 200 - - 458.778 ms
GET /paper-root.json 200 - - 449.381 ms
GET /literature.json 200 - - 402.611 ms
GET /abstract 200 - - 547.427 ms
GET /appendix 200 - - 510.321 ms
GET /introduction.json 200 - - 489.999 ms
GET /conclusion.json 200 - - 386.111 ms
GET /conclusion 200 - - 549.989 ms
GET /abstract.json 200 - - 516.709 ms
GET /dataanalysis.json 200 - - 439.353 ms
GET /robots.txt 200 - - 4.339 ms
GET /bibliography.json 200 - - 159.951 ms
ðŸ’Œ GET  /appendix.json 200 - - 283.244 ms
ðŸ’Œ GET  /myst-theme.css 200 - - 206.369 ms
ðŸ’Œ GET  /favicon.ico 200 - - 283.665 ms
Terminated
